This file contains any messages produced by compilers while
running configure, to aid debugging if configure makes a mistake.

It was created by tupleroute configure 0.90-dev, which was
generated by GNU Autoconf 2.68.  Invocation command line was

  $ ./configure --no-create --no-recursion

## --------- ##
## Platform. ##
## --------- ##

hostname = ubuntu
uname -m = x86_64
uname -r = 3.8.0-29-generic
uname -s = Linux
uname -v = #42~precise1-Ubuntu SMP Wed Aug 14 16:19:23 UTC 2013

/usr/bin/uname -p = unknown
/bin/uname -X     = unknown

/bin/arch              = unknown
/usr/bin/arch -k       = unknown
/usr/convex/getsysinfo = unknown
/usr/bin/hostinfo      = unknown
/bin/machine           = unknown
/usr/bin/oslevel       = unknown
/bin/universe          = unknown

PATH: /usr/local/sbin
PATH: /usr/local/bin
PATH: /usr/sbin
PATH: /usr/bin
PATH: /sbin
PATH: /bin
PATH: /usr/games


## ----------- ##
## Core tests. ##
## ----------- ##

configure:2418: checking for a BSD-compatible install
configure:2486: result: /usr/bin/install -c
configure:2497: checking whether build environment is sane
configure:2547: result: yes
configure:2688: checking for a thread-safe mkdir -p
configure:2727: result: /bin/mkdir -p
configure:2740: checking for gawk
configure:2770: result: no
configure:2740: checking for mawk
configure:2756: found /usr/bin/mawk
configure:2767: result: mawk
configure:2778: checking whether make sets $(MAKE)
configure:2800: result: yes
configure:2940: checking for g++
configure:2956: found /usr/bin/g++
configure:2967: result: g++
configure:2994: checking for C++ compiler version
configure:3003: g++ --version >&5
g++ (Ubuntu/Linaro 4.6.3-1ubuntu5) 4.6.3
Copyright (C) 2011 Free Software Foundation, Inc.
This is free software; see the source for copying conditions.  There is NO
warranty; not even for MERCHANTABILITY or FITNESS FOR A PARTICULAR PURPOSE.

configure:3014: $? = 0
configure:3003: g++ -v >&5
Using built-in specs.
COLLECT_GCC=g++
COLLECT_LTO_WRAPPER=/usr/lib/gcc/x86_64-linux-gnu/4.6/lto-wrapper
Target: x86_64-linux-gnu
Configured with: ../src/configure -v --with-pkgversion='Ubuntu/Linaro 4.6.3-1ubuntu5' --with-bugurl=file:///usr/share/doc/gcc-4.6/README.Bugs --enable-languages=c,c++,fortran,objc,obj-c++ --prefix=/usr --program-suffix=-4.6 --enable-shared --enable-linker-build-id --with-system-zlib --libexecdir=/usr/lib --without-included-gettext --enable-threads=posix --with-gxx-include-dir=/usr/include/c++/4.6 --libdir=/usr/lib --enable-nls --with-sysroot=/ --enable-clocale=gnu --enable-libstdcxx-debug --enable-libstdcxx-time=yes --enable-gnu-unique-object --enable-plugin --enable-objc-gc --disable-werror --with-arch-32=i686 --with-tune=generic --enable-checking=release --build=x86_64-linux-gnu --host=x86_64-linux-gnu --target=x86_64-linux-gnu
Thread model: posix
gcc version 4.6.3 (Ubuntu/Linaro 4.6.3-1ubuntu5) 
configure:3014: $? = 0
configure:3003: g++ -V >&5
g++: error: unrecognized option '-V'
g++: fatal error: no input files
compilation terminated.
configure:3014: $? = 4
configure:3003: g++ -qversion >&5
g++: error: unrecognized option '-qversion'
g++: fatal error: no input files
compilation terminated.
configure:3014: $? = 4
configure:3034: checking whether the C++ compiler works
configure:3056: g++    conftest.cpp  >&5
configure:3060: $? = 0
configure:3108: result: yes
configure:3111: checking for C++ compiler default output file name
configure:3113: result: a.out
configure:3119: checking for suffix of executables
configure:3126: g++ -o conftest    conftest.cpp  >&5
configure:3130: $? = 0
configure:3152: result: 
configure:3174: checking whether we are cross compiling
configure:3182: g++ -o conftest    conftest.cpp  >&5
configure:3186: $? = 0
configure:3193: ./conftest
configure:3197: $? = 0
configure:3212: result: no
configure:3217: checking for suffix of object files
configure:3239: g++ -c   conftest.cpp >&5
configure:3243: $? = 0
configure:3264: result: o
configure:3268: checking whether we are using the GNU C++ compiler
configure:3287: g++ -c   conftest.cpp >&5
configure:3287: $? = 0
configure:3296: result: yes
configure:3305: checking whether g++ accepts -g
configure:3325: g++ -c -g  conftest.cpp >&5
configure:3325: $? = 0
configure:3366: result: yes
configure:3400: checking for style of include used by make
configure:3428: result: GNU
configure:3454: checking dependency style of g++
configure:3565: result: gcc3
configure:3624: checking for ranlib
configure:3640: found /usr/bin/ranlib
configure:3651: result: ranlib
configure:3733: checking build system type
configure:3747: result: x86_64-unknown-linux-gnu
configure:3767: checking host system type
configure:3780: result: x86_64-unknown-linux-gnu
configure:3821: checking how to print strings
configure:3848: result: printf
configure:3917: checking for gcc
configure:3933: found /usr/bin/gcc
configure:3944: result: gcc
configure:4173: checking for C compiler version
configure:4182: gcc --version >&5
gcc (Ubuntu/Linaro 4.6.3-1ubuntu5) 4.6.3
Copyright (C) 2011 Free Software Foundation, Inc.
This is free software; see the source for copying conditions.  There is NO
warranty; not even for MERCHANTABILITY or FITNESS FOR A PARTICULAR PURPOSE.

configure:4193: $? = 0
configure:4182: gcc -v >&5
Using built-in specs.
COLLECT_GCC=gcc
COLLECT_LTO_WRAPPER=/usr/lib/gcc/x86_64-linux-gnu/4.6/lto-wrapper
Target: x86_64-linux-gnu
Configured with: ../src/configure -v --with-pkgversion='Ubuntu/Linaro 4.6.3-1ubuntu5' --with-bugurl=file:///usr/share/doc/gcc-4.6/README.Bugs --enable-languages=c,c++,fortran,objc,obj-c++ --prefix=/usr --program-suffix=-4.6 --enable-shared --enable-linker-build-id --with-system-zlib --libexecdir=/usr/lib --without-included-gettext --enable-threads=posix --with-gxx-include-dir=/usr/include/c++/4.6 --libdir=/usr/lib --enable-nls --with-sysroot=/ --enable-clocale=gnu --enable-libstdcxx-debug --enable-libstdcxx-time=yes --enable-gnu-unique-object --enable-plugin --enable-objc-gc --disable-werror --with-arch-32=i686 --with-tune=generic --enable-checking=release --build=x86_64-linux-gnu --host=x86_64-linux-gnu --target=x86_64-linux-gnu
Thread model: posix
gcc version 4.6.3 (Ubuntu/Linaro 4.6.3-1ubuntu5) 
configure:4193: $? = 0
configure:4182: gcc -V >&5
gcc: error: unrecognized option '-V'
gcc: fatal error: no input files
compilation terminated.
configure:4193: $? = 4
configure:4182: gcc -qversion >&5
gcc: error: unrecognized option '-qversion'
gcc: fatal error: no input files
compilation terminated.
configure:4193: $? = 4
configure:4197: checking whether we are using the GNU C compiler
configure:4216: gcc -c   conftest.c >&5
configure:4216: $? = 0
configure:4225: result: yes
configure:4234: checking whether gcc accepts -g
configure:4254: gcc -c -g  conftest.c >&5
configure:4254: $? = 0
configure:4295: result: yes
configure:4312: checking for gcc option to accept ISO C89
configure:4376: gcc  -c -g -O2  conftest.c >&5
configure:4376: $? = 0
configure:4389: result: none needed
configure:4411: checking dependency style of gcc
configure:4522: result: gcc3
configure:4537: checking for a sed that does not truncate output
configure:4601: result: /bin/sed
configure:4619: checking for grep that handles long lines and -e
configure:4677: result: /bin/grep
configure:4682: checking for egrep
configure:4744: result: /bin/grep -E
configure:4749: checking for fgrep
configure:4811: result: /bin/grep -F
configure:4846: checking for ld used by gcc
configure:4913: result: /usr/bin/ld
configure:4920: checking if the linker (/usr/bin/ld) is GNU ld
configure:4935: result: yes
configure:4947: checking for BSD- or MS-compatible name lister (nm)
configure:4996: result: /usr/bin/nm -B
configure:5126: checking the name lister (/usr/bin/nm -B) interface
configure:5133: gcc -c -g -O2  conftest.c >&5
configure:5136: /usr/bin/nm -B "conftest.o"
configure:5139: output
0000000000000000 B some_variable
configure:5146: result: BSD nm
configure:5149: checking whether ln -s works
configure:5153: result: yes
configure:5161: checking the maximum length of command line arguments
configure:5291: result: 3458764513820540925
configure:5308: checking whether the shell understands some XSI constructs
configure:5318: result: yes
configure:5322: checking whether the shell understands "+="
configure:5328: result: yes
configure:5363: checking how to convert x86_64-unknown-linux-gnu file names to x86_64-unknown-linux-gnu format
configure:5403: result: func_convert_file_noop
configure:5410: checking how to convert x86_64-unknown-linux-gnu file names to toolchain format
configure:5430: result: func_convert_file_noop
configure:5437: checking for /usr/bin/ld option to reload object files
configure:5444: result: -r
configure:5518: checking for objdump
configure:5534: found /usr/bin/objdump
configure:5545: result: objdump
configure:5577: checking how to recognize dependent libraries
configure:5779: result: pass_all
configure:5864: checking for dlltool
configure:5894: result: no
configure:5924: checking how to associate runtime and link libraries
configure:5951: result: printf %s\n
configure:6012: checking for ar
configure:6028: found /usr/bin/ar
configure:6039: result: ar
configure:6076: checking for archiver @FILE support
configure:6093: gcc -c -g -O2  conftest.c >&5
configure:6093: $? = 0
configure:6096: ar cru libconftest.a @conftest.lst >&5
configure:6099: $? = 0
configure:6104: ar cru libconftest.a @conftest.lst >&5
ar: conftest.o: No such file or directory
configure:6107: $? = 1
configure:6119: result: @
configure:6177: checking for strip
configure:6193: found /usr/bin/strip
configure:6204: result: strip
configure:6276: checking for ranlib
configure:6303: result: ranlib
configure:6405: checking command to parse /usr/bin/nm -B output from gcc object
configure:6525: gcc -c -g -O2  conftest.c >&5
configure:6528: $? = 0
configure:6532: /usr/bin/nm -B conftest.o \| sed -n -e 's/^.*[ ]\([ABCDGIRSTW][ABCDGIRSTW]*\)[ ][ ]*\([_A-Za-z][_A-Za-z0-9]*\)$/\1 \2 \2/p' | sed '/ __gnu_lto/d' \> conftest.nm
configure:6535: $? = 0
configure:6601: gcc -o conftest -g -O2   conftest.c conftstm.o >&5
configure:6604: $? = 0
configure:6642: result: ok
configure:6679: checking for sysroot
configure:6709: result: no
configure:6786: gcc -c -g -O2  conftest.c >&5
configure:6789: $? = 0
configure:6965: checking for mt
configure:6981: found /bin/mt
configure:6992: result: mt
configure:7015: checking if mt is a manifest tool
configure:7021: mt '-?'
configure:7029: result: no
configure:7671: checking how to run the C preprocessor
configure:7702: gcc -E  conftest.c
configure:7702: $? = 0
configure:7716: gcc -E  conftest.c
conftest.c:11:28: fatal error: ac_nonexistent.h: No such file or directory
compilation terminated.
configure:7716: $? = 1
configure: failed program was:
| /* confdefs.h */
| #define PACKAGE_NAME "tupleroute"
| #define PACKAGE_TARNAME "tupleroute"
| #define PACKAGE_VERSION "0.90-dev"
| #define PACKAGE_STRING "tupleroute 0.90-dev"
| #define PACKAGE_BUGREPORT "bugreports@paris-traceroute.net"
| #define PACKAGE_URL ""
| #define PACKAGE "tupleroute"
| #define VERSION "0.90-dev"
| /* end confdefs.h.  */
| #include <ac_nonexistent.h>
configure:7741: result: gcc -E
configure:7761: gcc -E  conftest.c
configure:7761: $? = 0
configure:7775: gcc -E  conftest.c
conftest.c:11:28: fatal error: ac_nonexistent.h: No such file or directory
compilation terminated.
configure:7775: $? = 1
configure: failed program was:
| /* confdefs.h */
| #define PACKAGE_NAME "tupleroute"
| #define PACKAGE_TARNAME "tupleroute"
| #define PACKAGE_VERSION "0.90-dev"
| #define PACKAGE_STRING "tupleroute 0.90-dev"
| #define PACKAGE_BUGREPORT "bugreports@paris-traceroute.net"
| #define PACKAGE_URL ""
| #define PACKAGE "tupleroute"
| #define VERSION "0.90-dev"
| /* end confdefs.h.  */
| #include <ac_nonexistent.h>
configure:7804: checking for ANSI C header files
configure:7824: gcc -c -g -O2  conftest.c >&5
configure:7824: $? = 0
configure:7897: gcc -o conftest -g -O2   conftest.c  >&5
configure:7897: $? = 0
configure:7897: ./conftest
configure:7897: $? = 0
configure:7908: result: yes
configure:7921: checking for sys/types.h
configure:7921: gcc -c -g -O2  conftest.c >&5
configure:7921: $? = 0
configure:7921: result: yes
configure:7921: checking for sys/stat.h
configure:7921: gcc -c -g -O2  conftest.c >&5
configure:7921: $? = 0
configure:7921: result: yes
configure:7921: checking for stdlib.h
configure:7921: gcc -c -g -O2  conftest.c >&5
configure:7921: $? = 0
configure:7921: result: yes
configure:7921: checking for string.h
configure:7921: gcc -c -g -O2  conftest.c >&5
configure:7921: $? = 0
configure:7921: result: yes
configure:7921: checking for memory.h
configure:7921: gcc -c -g -O2  conftest.c >&5
configure:7921: $? = 0
configure:7921: result: yes
configure:7921: checking for strings.h
configure:7921: gcc -c -g -O2  conftest.c >&5
configure:7921: $? = 0
configure:7921: result: yes
configure:7921: checking for inttypes.h
configure:7921: gcc -c -g -O2  conftest.c >&5
configure:7921: $? = 0
configure:7921: result: yes
configure:7921: checking for stdint.h
configure:7921: gcc -c -g -O2  conftest.c >&5
configure:7921: $? = 0
configure:7921: result: yes
configure:7921: checking for unistd.h
configure:7921: gcc -c -g -O2  conftest.c >&5
configure:7921: $? = 0
configure:7921: result: yes
configure:7935: checking for dlfcn.h
configure:7935: gcc -c -g -O2  conftest.c >&5
configure:7935: $? = 0
configure:7935: result: yes
configure:8122: checking for objdir
configure:8137: result: .libs
configure:8404: checking if gcc supports -fno-rtti -fno-exceptions
configure:8422: gcc -c -g -O2  -fno-rtti -fno-exceptions conftest.c >&5
cc1: warning: command line option '-fno-rtti' is valid for C++/ObjC++ but not for C [enabled by default]
configure:8426: $? = 0
configure:8439: result: no
configure:8766: checking for gcc option to produce PIC
configure:8773: result: -fPIC -DPIC
configure:8781: checking if gcc PIC flag -fPIC -DPIC works
configure:8799: gcc -c -g -O2  -fPIC -DPIC -DPIC conftest.c >&5
configure:8803: $? = 0
configure:8816: result: yes
configure:8845: checking if gcc static flag -static works
configure:8873: result: yes
configure:8888: checking if gcc supports -c -o file.o
configure:8909: gcc -c -g -O2  -o out/conftest2.o conftest.c >&5
configure:8913: $? = 0
configure:8935: result: yes
configure:8943: checking if gcc supports -c -o file.o
configure:8990: result: yes
configure:9023: checking whether the gcc linker (/usr/bin/ld -m elf_x86_64) supports shared libraries
configure:10180: result: yes
configure:10420: checking dynamic linker characteristics
configure:10931: gcc -o conftest -g -O2   -Wl,-rpath -Wl,/foo conftest.c  >&5
configure:10931: $? = 0
configure:11165: result: GNU/Linux ld.so
configure:11272: checking how to hardcode library paths into programs
configure:11297: result: immediate
configure:11837: checking whether stripping libraries is possible
configure:11842: result: yes
configure:11877: checking if libtool supports shared libraries
configure:11879: result: yes
configure:11882: checking whether to build shared libraries
configure:11903: result: no
configure:11906: checking whether to build static libraries
configure:11910: result: yes
configure:11933: checking how to run the C++ preprocessor
configure:11960: g++ -E  conftest.cpp
configure:11960: $? = 0
configure:11974: g++ -E  conftest.cpp
conftest.cpp:23:28: fatal error: ac_nonexistent.h: No such file or directory
compilation terminated.
configure:11974: $? = 1
configure: failed program was:
| /* confdefs.h */
| #define PACKAGE_NAME "tupleroute"
| #define PACKAGE_TARNAME "tupleroute"
| #define PACKAGE_VERSION "0.90-dev"
| #define PACKAGE_STRING "tupleroute 0.90-dev"
| #define PACKAGE_BUGREPORT "bugreports@paris-traceroute.net"
| #define PACKAGE_URL ""
| #define PACKAGE "tupleroute"
| #define VERSION "0.90-dev"
| #define STDC_HEADERS 1
| #define HAVE_SYS_TYPES_H 1
| #define HAVE_SYS_STAT_H 1
| #define HAVE_STDLIB_H 1
| #define HAVE_STRING_H 1
| #define HAVE_MEMORY_H 1
| #define HAVE_STRINGS_H 1
| #define HAVE_INTTYPES_H 1
| #define HAVE_STDINT_H 1
| #define HAVE_UNISTD_H 1
| #define HAVE_DLFCN_H 1
| #define LT_OBJDIR ".libs/"
| /* end confdefs.h.  */
| #include <ac_nonexistent.h>
configure:11999: result: g++ -E
configure:12019: g++ -E  conftest.cpp
configure:12019: $? = 0
configure:12033: g++ -E  conftest.cpp
conftest.cpp:23:28: fatal error: ac_nonexistent.h: No such file or directory
compilation terminated.
configure:12033: $? = 1
configure: failed program was:
| /* confdefs.h */
| #define PACKAGE_NAME "tupleroute"
| #define PACKAGE_TARNAME "tupleroute"
| #define PACKAGE_VERSION "0.90-dev"
| #define PACKAGE_STRING "tupleroute 0.90-dev"
| #define PACKAGE_BUGREPORT "bugreports@paris-traceroute.net"
| #define PACKAGE_URL ""
| #define PACKAGE "tupleroute"
| #define VERSION "0.90-dev"
| #define STDC_HEADERS 1
| #define HAVE_SYS_TYPES_H 1
| #define HAVE_SYS_STAT_H 1
| #define HAVE_STDLIB_H 1
| #define HAVE_STRING_H 1
| #define HAVE_MEMORY_H 1
| #define HAVE_STRINGS_H 1
| #define HAVE_INTTYPES_H 1
| #define HAVE_STDINT_H 1
| #define HAVE_UNISTD_H 1
| #define HAVE_DLFCN_H 1
| #define LT_OBJDIR ".libs/"
| /* end confdefs.h.  */
| #include <ac_nonexistent.h>
configure:12202: checking for ld used by g++
configure:12269: result: /usr/bin/ld -m elf_x86_64
configure:12276: checking if the linker (/usr/bin/ld -m elf_x86_64) is GNU ld
configure:12291: result: yes
configure:12346: checking whether the g++ linker (/usr/bin/ld -m elf_x86_64) supports shared libraries
configure:13351: result: yes
configure:13387: g++ -c -g -O2  conftest.cpp >&5
configure:13390: $? = 0
configure:13910: checking for g++ option to produce PIC
configure:13917: result: -fPIC -DPIC
configure:13925: checking if g++ PIC flag -fPIC -DPIC works
configure:13943: g++ -c -g -O2  -fPIC -DPIC -DPIC conftest.cpp >&5
configure:13947: $? = 0
configure:13960: result: yes
configure:13983: checking if g++ static flag -static works
configure:14011: result: yes
configure:14023: checking if g++ supports -c -o file.o
configure:14044: g++ -c -g -O2  -o out/conftest2.o conftest.cpp >&5
configure:14048: $? = 0
configure:14070: result: yes
configure:14075: checking if g++ supports -c -o file.o
configure:14122: result: yes
configure:14152: checking whether the g++ linker (/usr/bin/ld -m elf_x86_64) supports shared libraries
configure:14191: result: yes
configure:14332: checking dynamic linker characteristics
configure:15011: result: GNU/Linux ld.so
configure:15064: checking how to hardcode library paths into programs
configure:15089: result: immediate
configure:15150: checking whether make sets $(MAKE)
configure:15172: result: yes
configure:15182: checking for an ANSI C-conforming const
configure:15247: gcc -c -g -O2  conftest.c >&5
configure:15247: $? = 0
configure:15254: result: yes
configure:15262: checking for inline
configure:15278: gcc -c -g -O2  conftest.c >&5
configure:15278: $? = 0
configure:15286: result: inline
configure:15304: checking for ANSI C header files
configure:15408: result: yes
configure:15416: checking for stdbool.h that conforms to C99
configure:15483: gcc -c -g -O2  conftest.c >&5
configure:15483: $? = 0
configure:15490: result: yes
configure:15492: checking for _Bool
configure:15492: gcc -c -g -O2  conftest.c >&5
configure:15492: $? = 0
configure:15492: gcc -c -g -O2  conftest.c >&5
conftest.c: In function 'main':
conftest.c:60:20: error: expected expression before ')' token
configure:15492: $? = 1
configure: failed program was:
| /* confdefs.h */
| #define PACKAGE_NAME "tupleroute"
| #define PACKAGE_TARNAME "tupleroute"
| #define PACKAGE_VERSION "0.90-dev"
| #define PACKAGE_STRING "tupleroute 0.90-dev"
| #define PACKAGE_BUGREPORT "bugreports@paris-traceroute.net"
| #define PACKAGE_URL ""
| #define PACKAGE "tupleroute"
| #define VERSION "0.90-dev"
| #define STDC_HEADERS 1
| #define HAVE_SYS_TYPES_H 1
| #define HAVE_SYS_STAT_H 1
| #define HAVE_STDLIB_H 1
| #define HAVE_STRING_H 1
| #define HAVE_MEMORY_H 1
| #define HAVE_STRINGS_H 1
| #define HAVE_INTTYPES_H 1
| #define HAVE_STDINT_H 1
| #define HAVE_UNISTD_H 1
| #define HAVE_DLFCN_H 1
| #define LT_OBJDIR ".libs/"
| #define STDC_HEADERS 1
| /* end confdefs.h.  */
| #include <stdio.h>
| #ifdef HAVE_SYS_TYPES_H
| # include <sys/types.h>
| #endif
| #ifdef HAVE_SYS_STAT_H
| # include <sys/stat.h>
| #endif
| #ifdef STDC_HEADERS
| # include <stdlib.h>
| # include <stddef.h>
| #else
| # ifdef HAVE_STDLIB_H
| #  include <stdlib.h>
| # endif
| #endif
| #ifdef HAVE_STRING_H
| # if !defined STDC_HEADERS && defined HAVE_MEMORY_H
| #  include <memory.h>
| # endif
| # include <string.h>
| #endif
| #ifdef HAVE_STRINGS_H
| # include <strings.h>
| #endif
| #ifdef HAVE_INTTYPES_H
| # include <inttypes.h>
| #endif
| #ifdef HAVE_STDINT_H
| # include <stdint.h>
| #endif
| #ifdef HAVE_UNISTD_H
| # include <unistd.h>
| #endif
| int
| main ()
| {
| if (sizeof ((_Bool)))
| 	    return 0;
|   ;
|   return 0;
| }
configure:15492: result: yes
configure:15508: checking whether time.h and sys/time.h may both be included
configure:15528: gcc -c -g -O2  conftest.c >&5
configure:15528: $? = 0
configure:15535: result: yes
configure:15543: checking for pid_t
configure:15543: gcc -c -g -O2  conftest.c >&5
configure:15543: $? = 0
configure:15543: gcc -c -g -O2  conftest.c >&5
conftest.c: In function 'main':
conftest.c:63:20: error: expected expression before ')' token
configure:15543: $? = 1
configure: failed program was:
| /* confdefs.h */
| #define PACKAGE_NAME "tupleroute"
| #define PACKAGE_TARNAME "tupleroute"
| #define PACKAGE_VERSION "0.90-dev"
| #define PACKAGE_STRING "tupleroute 0.90-dev"
| #define PACKAGE_BUGREPORT "bugreports@paris-traceroute.net"
| #define PACKAGE_URL ""
| #define PACKAGE "tupleroute"
| #define VERSION "0.90-dev"
| #define STDC_HEADERS 1
| #define HAVE_SYS_TYPES_H 1
| #define HAVE_SYS_STAT_H 1
| #define HAVE_STDLIB_H 1
| #define HAVE_STRING_H 1
| #define HAVE_MEMORY_H 1
| #define HAVE_STRINGS_H 1
| #define HAVE_INTTYPES_H 1
| #define HAVE_STDINT_H 1
| #define HAVE_UNISTD_H 1
| #define HAVE_DLFCN_H 1
| #define LT_OBJDIR ".libs/"
| #define STDC_HEADERS 1
| #define HAVE__BOOL 1
| #define HAVE_STDBOOL_H 1
| #define TIME_WITH_SYS_TIME 1
| /* end confdefs.h.  */
| #include <stdio.h>
| #ifdef HAVE_SYS_TYPES_H
| # include <sys/types.h>
| #endif
| #ifdef HAVE_SYS_STAT_H
| # include <sys/stat.h>
| #endif
| #ifdef STDC_HEADERS
| # include <stdlib.h>
| # include <stddef.h>
| #else
| # ifdef HAVE_STDLIB_H
| #  include <stdlib.h>
| # endif
| #endif
| #ifdef HAVE_STRING_H
| # if !defined STDC_HEADERS && defined HAVE_MEMORY_H
| #  include <memory.h>
| # endif
| # include <string.h>
| #endif
| #ifdef HAVE_STRINGS_H
| # include <strings.h>
| #endif
| #ifdef HAVE_INTTYPES_H
| # include <inttypes.h>
| #endif
| #ifdef HAVE_STDINT_H
| # include <stdint.h>
| #endif
| #ifdef HAVE_UNISTD_H
| # include <unistd.h>
| #endif
| int
| main ()
| {
| if (sizeof ((pid_t)))
| 	    return 0;
|   ;
|   return 0;
| }
configure:15543: result: yes
configure:15557: checking arpa/inet.h usability
configure:15557: gcc -c -g -O2  conftest.c >&5
configure:15557: $? = 0
configure:15557: result: yes
configure:15557: checking arpa/inet.h presence
configure:15557: gcc -E  conftest.c
configure:15557: $? = 0
configure:15557: result: yes
configure:15557: checking for arpa/inet.h
configure:15557: result: yes
configure:15557: checking netdb.h usability
configure:15557: gcc -c -g -O2  conftest.c >&5
configure:15557: $? = 0
configure:15557: result: yes
configure:15557: checking netdb.h presence
configure:15557: gcc -E  conftest.c
configure:15557: $? = 0
configure:15557: result: yes
configure:15557: checking for netdb.h
configure:15557: result: yes
configure:15557: checking netinet/in.h usability
configure:15557: gcc -c -g -O2  conftest.c >&5
configure:15557: $? = 0
configure:15557: result: yes
configure:15557: checking netinet/in.h presence
configure:15557: gcc -E  conftest.c
configure:15557: $? = 0
configure:15557: result: yes
configure:15557: checking for netinet/in.h
configure:15557: result: yes
configure:15557: checking for stdlib.h
configure:15557: result: yes
configure:15557: checking for string.h
configure:15557: result: yes
configure:15557: checking sys/socket.h usability
configure:15557: gcc -c -g -O2  conftest.c >&5
configure:15557: $? = 0
configure:15557: result: yes
configure:15557: checking sys/socket.h presence
configure:15557: gcc -E  conftest.c
configure:15557: $? = 0
configure:15557: result: yes
configure:15557: checking for sys/socket.h
configure:15557: result: yes
configure:15557: checking for unistd.h
configure:15557: result: yes
configure:15557: checking sys/time.h usability
configure:15557: gcc -c -g -O2  conftest.c >&5
configure:15557: $? = 0
configure:15557: result: yes
configure:15557: checking sys/time.h presence
configure:15557: gcc -E  conftest.c
configure:15557: $? = 0
configure:15557: result: yes
configure:15557: checking for sys/time.h
configure:15557: result: yes
configure:15557: checking fcntl.h usability
configure:15557: gcc -c -g -O2  conftest.c >&5
configure:15557: $? = 0
configure:15557: result: yes
configure:15557: checking fcntl.h presence
configure:15557: gcc -E  conftest.c
configure:15557: $? = 0
configure:15557: result: yes
configure:15557: checking for fcntl.h
configure:15557: result: yes
configure:15557: checking sys/ioctl.h usability
configure:15557: gcc -c -g -O2  conftest.c >&5
configure:15557: $? = 0
configure:15557: result: yes
configure:15557: checking sys/ioctl.h presence
configure:15557: gcc -E  conftest.c
configure:15557: $? = 0
configure:15557: result: yes
configure:15557: checking for sys/ioctl.h
configure:15557: result: yes
configure:15557: checking syslog.h usability
configure:15557: gcc -c -g -O2  conftest.c >&5
configure:15557: $? = 0
configure:15557: result: yes
configure:15557: checking syslog.h presence
configure:15557: gcc -E  conftest.c
configure:15557: $? = 0
configure:15557: result: yes
configure:15557: checking for syslog.h
configure:15557: result: yes
configure:15570: checking for main in -lpthread
configure:15589: gcc -o conftest -g -O2   conftest.c -lpthread   >&5
configure:15589: $? = 0
configure:15598: result: yes
configure:15613: checking for memset
configure:15613: gcc -o conftest -g -O2   conftest.c -lpthread  >&5
conftest.c:62:6: warning: conflicting types for built-in function 'memset' [enabled by default]
configure:15613: $? = 0
configure:15613: result: yes
configure:15613: checking for socket
configure:15613: gcc -o conftest -g -O2   conftest.c -lpthread  >&5
configure:15613: $? = 0
configure:15613: result: yes
configure:15613: checking for strdup
configure:15613: gcc -o conftest -g -O2   conftest.c -lpthread  >&5
conftest.c:64:6: warning: conflicting types for built-in function 'strdup' [enabled by default]
configure:15613: $? = 0
configure:15613: result: yes
configure:15613: checking for gettimeofday
configure:15613: gcc -o conftest -g -O2   conftest.c -lpthread  >&5
configure:15613: $? = 0
configure:15613: result: yes
configure:15613: checking for inet_ntoa
configure:15613: gcc -o conftest -g -O2   conftest.c -lpthread  >&5
configure:15613: $? = 0
configure:15613: result: yes
configure:15613: checking for strerror
configure:15613: gcc -o conftest -g -O2   conftest.c -lpthread  >&5
configure:15613: $? = 0
configure:15613: result: yes
configure:15613: checking for gethostbyaddr
configure:15613: gcc -o conftest -g -O2   conftest.c -lpthread  >&5
configure:15613: $? = 0
configure:15613: result: yes
configure:15613: checking for gethostbyname
configure:15613: gcc -o conftest -g -O2   conftest.c -lpthread  >&5
configure:15613: $? = 0
configure:15613: result: yes
configure:15771: creating ./config.status

## ---------------- ##
## Cache variables. ##
## ---------------- ##

ac_cv_build=x86_64-unknown-linux-gnu
ac_cv_c_compiler_gnu=yes
ac_cv_c_const=yes
ac_cv_c_inline=inline
ac_cv_cxx_compiler_gnu=yes
ac_cv_env_CCC_set=
ac_cv_env_CCC_value=
ac_cv_env_CC_set=
ac_cv_env_CC_value=
ac_cv_env_CFLAGS_set=
ac_cv_env_CFLAGS_value=
ac_cv_env_CPPFLAGS_set=
ac_cv_env_CPPFLAGS_value=
ac_cv_env_CPP_set=
ac_cv_env_CPP_value=
ac_cv_env_CXXCPP_set=
ac_cv_env_CXXCPP_value=
ac_cv_env_CXXFLAGS_set=
ac_cv_env_CXXFLAGS_value=
ac_cv_env_CXX_set=
ac_cv_env_CXX_value=
ac_cv_env_LDFLAGS_set=
ac_cv_env_LDFLAGS_value=
ac_cv_env_LIBS_set=
ac_cv_env_LIBS_value=
ac_cv_env_build_alias_set=
ac_cv_env_build_alias_value=
ac_cv_env_host_alias_set=
ac_cv_env_host_alias_value=
ac_cv_env_target_alias_set=
ac_cv_env_target_alias_value=
ac_cv_func_gethostbyaddr=yes
ac_cv_func_gethostbyname=yes
ac_cv_func_gettimeofday=yes
ac_cv_func_inet_ntoa=yes
ac_cv_func_memset=yes
ac_cv_func_socket=yes
ac_cv_func_strdup=yes
ac_cv_func_strerror=yes
ac_cv_header_arpa_inet_h=yes
ac_cv_header_dlfcn_h=yes
ac_cv_header_fcntl_h=yes
ac_cv_header_inttypes_h=yes
ac_cv_header_memory_h=yes
ac_cv_header_netdb_h=yes
ac_cv_header_netinet_in_h=yes
ac_cv_header_stdbool_h=yes
ac_cv_header_stdc=yes
ac_cv_header_stdint_h=yes
ac_cv_header_stdlib_h=yes
ac_cv_header_string_h=yes
ac_cv_header_strings_h=yes
ac_cv_header_sys_ioctl_h=yes
ac_cv_header_sys_socket_h=yes
ac_cv_header_sys_stat_h=yes
ac_cv_header_sys_time_h=yes
ac_cv_header_sys_types_h=yes
ac_cv_header_syslog_h=yes
ac_cv_header_time=yes
ac_cv_header_unistd_h=yes
ac_cv_host=x86_64-unknown-linux-gnu
ac_cv_lib_pthread_main=yes
ac_cv_objext=o
ac_cv_path_EGREP='/bin/grep -E'
ac_cv_path_FGREP='/bin/grep -F'
ac_cv_path_GREP=/bin/grep
ac_cv_path_SED=/bin/sed
ac_cv_path_install='/usr/bin/install -c'
ac_cv_path_mkdir=/bin/mkdir
ac_cv_prog_AWK=mawk
ac_cv_prog_CPP='gcc -E'
ac_cv_prog_CXXCPP='g++ -E'
ac_cv_prog_ac_ct_AR=ar
ac_cv_prog_ac_ct_CC=gcc
ac_cv_prog_ac_ct_CXX=g++
ac_cv_prog_ac_ct_MANIFEST_TOOL=mt
ac_cv_prog_ac_ct_OBJDUMP=objdump
ac_cv_prog_ac_ct_RANLIB=ranlib
ac_cv_prog_ac_ct_STRIP=strip
ac_cv_prog_cc_c89=
ac_cv_prog_cc_g=yes
ac_cv_prog_cxx_g=yes
ac_cv_prog_make_make_set=yes
ac_cv_type__Bool=yes
ac_cv_type_pid_t=yes
am_cv_CC_dependencies_compiler_type=gcc3
am_cv_CXX_dependencies_compiler_type=gcc3
lt_cv_ar_at_file=@
lt_cv_deplibs_check_method=pass_all
lt_cv_file_magic_cmd='$MAGIC_CMD'
lt_cv_file_magic_test_file=
lt_cv_ld_reload_flag=-r
lt_cv_nm_interface='BSD nm'
lt_cv_objdir=.libs
lt_cv_path_LD=/usr/bin/ld
lt_cv_path_LDCXX='/usr/bin/ld -m elf_x86_64'
lt_cv_path_NM='/usr/bin/nm -B'
lt_cv_path_mainfest_tool=no
lt_cv_prog_compiler_c_o=yes
lt_cv_prog_compiler_c_o_CXX=yes
lt_cv_prog_compiler_pic='-fPIC -DPIC'
lt_cv_prog_compiler_pic_CXX='-fPIC -DPIC'
lt_cv_prog_compiler_pic_works=yes
lt_cv_prog_compiler_pic_works_CXX=yes
lt_cv_prog_compiler_rtti_exceptions=no
lt_cv_prog_compiler_static_works=yes
lt_cv_prog_compiler_static_works_CXX=yes
lt_cv_prog_gnu_ld=yes
lt_cv_prog_gnu_ldcxx=yes
lt_cv_sharedlib_from_linklib_cmd='printf %s\n'
lt_cv_shlibpath_overrides_runpath=no
lt_cv_sys_global_symbol_pipe='sed -n -e '\''s/^.*[	 ]\([ABCDGIRSTW][ABCDGIRSTW]*\)[	 ][	 ]*\([_A-Za-z][_A-Za-z0-9]*\)$/\1 \2 \2/p'\'' | sed '\''/ __gnu_lto/d'\'''
lt_cv_sys_global_symbol_to_c_name_address='sed -n -e '\''s/^: \([^ ]*\)[ ]*$/  {\"\1\", (void *) 0},/p'\'' -e '\''s/^[ABCDGIRSTW]* \([^ ]*\) \([^ ]*\)$/  {"\2", (void *) \&\2},/p'\'''
lt_cv_sys_global_symbol_to_c_name_address_lib_prefix='sed -n -e '\''s/^: \([^ ]*\)[ ]*$/  {\"\1\", (void *) 0},/p'\'' -e '\''s/^[ABCDGIRSTW]* \([^ ]*\) \(lib[^ ]*\)$/  {"\2", (void *) \&\2},/p'\'' -e '\''s/^[ABCDGIRSTW]* \([^ ]*\) \([^ ]*\)$/  {"lib\2", (void *) \&\2},/p'\'''
lt_cv_sys_global_symbol_to_cdecl='sed -n -e '\''s/^T .* \(.*\)$/extern int \1();/p'\'' -e '\''s/^[ABCDGIRSTW]* .* \(.*\)$/extern char \1;/p'\'''
lt_cv_sys_max_cmd_len=3458764513820540925
lt_cv_to_host_file_cmd=func_convert_file_noop
lt_cv_to_tool_file_cmd=func_convert_file_noop

## ----------------- ##
## Output variables. ##
## ----------------- ##

ACLOCAL='${SHELL} /home/kaka/paris-traceroute-current/missing --run aclocal-1.11'
AMDEPBACKSLASH='\'
AMDEP_FALSE='#'
AMDEP_TRUE=''
AMTAR='$${TAR-tar}'
AR='ar'
AUTOCONF='${SHELL} /home/kaka/paris-traceroute-current/missing --run autoconf'
AUTOHEADER='${SHELL} /home/kaka/paris-traceroute-current/missing --run autoheader'
AUTOMAKE='${SHELL} /home/kaka/paris-traceroute-current/missing --run automake-1.11'
AWK='mawk'
CC='gcc'
CCDEPMODE='depmode=gcc3'
CFLAGS='-g -O2'
CPP='gcc -E'
CPPFLAGS=''
CXX='g++'
CXXCPP='g++ -E'
CXXDEPMODE='depmode=gcc3'
CXXFLAGS='-g -O2'
CYGPATH_W='echo'
DEFS='-DHAVE_CONFIG_H'
DEPDIR='.deps'
DLLTOOL='false'
DSYMUTIL=''
DUMPBIN=''
ECHO_C=''
ECHO_N='-n'
ECHO_T=''
EGREP='/bin/grep -E'
EXEEXT=''
FGREP='/bin/grep -F'
GREP='/bin/grep'
INSTALL_DATA='${INSTALL} -m 644'
INSTALL_PROGRAM='${INSTALL}'
INSTALL_SCRIPT='${INSTALL}'
INSTALL_STRIP_PROGRAM='$(install_sh) -c -s'
LD='/usr/bin/ld -m elf_x86_64'
LDFLAGS=''
LIBOBJS=''
LIBS='-lpthread '
LIBTOOL='$(SHELL) $(top_builddir)/libtool'
LIPO=''
LN_S='ln -s'
LTLIBOBJS=''
MAKEINFO='${SHELL} /home/kaka/paris-traceroute-current/missing --run makeinfo'
MANIFEST_TOOL=':'
MKDIR_P='/bin/mkdir -p'
NM='/usr/bin/nm -B'
NMEDIT=''
OBJDUMP='objdump'
OBJEXT='o'
OTOOL64=''
OTOOL=''
PACKAGE='tupleroute'
PACKAGE_BUGREPORT='bugreports@paris-traceroute.net'
PACKAGE_NAME='tupleroute'
PACKAGE_STRING='tupleroute 0.90-dev'
PACKAGE_TARNAME='tupleroute'
PACKAGE_URL=''
PACKAGE_VERSION='0.90-dev'
PATH_SEPARATOR=':'
RANLIB='ranlib'
SED='/bin/sed'
SET_MAKE=''
SHELL='/bin/bash'
STRIP='strip'
VERSION='0.90-dev'
ac_ct_AR='ar'
ac_ct_CC='gcc'
ac_ct_CXX='g++'
ac_ct_DUMPBIN=''
am__EXEEXT_FALSE=''
am__EXEEXT_TRUE='#'
am__fastdepCC_FALSE='#'
am__fastdepCC_TRUE=''
am__fastdepCXX_FALSE='#'
am__fastdepCXX_TRUE=''
am__include='include'
am__isrc=''
am__leading_dot='.'
am__nodep='_no'
am__quote=''
am__tar='$${TAR-tar} chof - "$$tardir"'
am__untar='$${TAR-tar} xf -'
bindir='${exec_prefix}/bin'
build='x86_64-unknown-linux-gnu'
build_alias=''
build_cpu='x86_64'
build_os='linux-gnu'
build_vendor='unknown'
datadir='${datarootdir}'
datarootdir='${prefix}/share'
docdir='${datarootdir}/doc/${PACKAGE_TARNAME}'
dvidir='${docdir}'
exec_prefix='${prefix}'
host='x86_64-unknown-linux-gnu'
host_alias=''
host_cpu='x86_64'
host_os='linux-gnu'
host_vendor='unknown'
htmldir='${docdir}'
includedir='${prefix}/include'
infodir='${datarootdir}/info'
install_sh='${SHELL} /home/kaka/paris-traceroute-current/install-sh'
libdir='${exec_prefix}/lib'
libexecdir='${exec_prefix}/libexec'
localedir='${datarootdir}/locale'
localstatedir='${prefix}/var'
mandir='${datarootdir}/man'
mkdir_p='/bin/mkdir -p'
oldincludedir='/usr/include'
pdfdir='${docdir}'
prefix='/usr/local'
program_transform_name='s,x,x,'
psdir='${docdir}'
sbindir='${exec_prefix}/sbin'
sharedstatedir='${prefix}/com'
sysconfdir='${prefix}/etc'
target_alias=''

## ----------- ##
## confdefs.h. ##
## ----------- ##

/* confdefs.h */
#define PACKAGE_NAME "tupleroute"
#define PACKAGE_TARNAME "tupleroute"
#define PACKAGE_VERSION "0.90-dev"
#define PACKAGE_STRING "tupleroute 0.90-dev"
#define PACKAGE_BUGREPORT "bugreports@paris-traceroute.net"
#define PACKAGE_URL ""
#define PACKAGE "tupleroute"
#define VERSION "0.90-dev"
#define STDC_HEADERS 1
#define HAVE_SYS_TYPES_H 1
#define HAVE_SYS_STAT_H 1
#define HAVE_STDLIB_H 1
#define HAVE_STRING_H 1
#define HAVE_MEMORY_H 1
#define HAVE_STRINGS_H 1
#define HAVE_INTTYPES_H 1
#define HAVE_STDINT_H 1
#define HAVE_UNISTD_H 1
#define HAVE_DLFCN_H 1
#define LT_OBJDIR ".libs/"
#define STDC_HEADERS 1
#define HAVE__BOOL 1
#define HAVE_STDBOOL_H 1
#define TIME_WITH_SYS_TIME 1
#define HAVE_ARPA_INET_H 1
#define HAVE_NETDB_H 1
#define HAVE_NETINET_IN_H 1
#define HAVE_STDLIB_H 1
#define HAVE_STRING_H 1
#define HAVE_SYS_SOCKET_H 1
#define HAVE_UNISTD_H 1
#define HAVE_SYS_TIME_H 1
#define HAVE_FCNTL_H 1
#define HAVE_SYS_IOCTL_H 1
#define HAVE_SYSLOG_H 1
#define HAVE_LIBPTHREAD 1
#define HAVE_MEMSET 1
#define HAVE_SOCKET 1
#define HAVE_STRDUP 1
#define HAVE_GETTIMEOFDAY 1
#define HAVE_INET_NTOA 1
#define HAVE_STRERROR 1
#define HAVE_GETHOSTBYADDR 1
#define HAVE_GETHOSTBYNAME 1
#define DEBUG 1

configure: exit 0

## ---------------------- ##
## Running config.status. ##
## ---------------------- ##

This file was extended by tupleroute config.status 0.90-dev, which was
generated by GNU Autoconf 2.68.  Invocation command line was

  CONFIG_FILES    = 
  CONFIG_HEADERS  = 
  CONFIG_LINKS    = 
  CONFIG_COMMANDS = 
  $ ./config.status 

on ubuntu

config.status:1178: creating Makefile
config.status:1178: creating src/Makefile
config.status:1178: creating doc/Makefile
config.status:1178: creating config.h
config.status:1359: config.h is unchanged
config.status:1407: executing depfiles commands
config.status:1407: executing libtool commands

## ---------------------- ##
## Running config.status. ##
## ---------------------- ##

This file was extended by tupleroute config.status 0.90-dev, which was
generated by GNU Autoconf 2.68.  Invocation command line was

  CONFIG_FILES    = 
  CONFIG_HEADERS  = 
  CONFIG_LINKS    = 
  CONFIG_COMMANDS = 
  $ ./config.status config.h

on ubuntu

config.status:1178: creating config.h
config.status:1359: config.h is unchanged
